<?xml version="1.0" encoding="UTF-8"?>
<!-- Generated by org.testng.reporters.JUnitXMLReporter -->
<testsuite hostname="DESKTOP-AO84BMN" ignored="2" name="OrangeHRMLogin" tests="2" failures="0" timestamp="2022-02-22T15:47:50 IST" time="20.558" errors="0">
  <testcase name="LaunchApp" time="15.176" classname="hyr.OrangeHRM"/>
  <testcase name="EnterValidDetails" time="5.281" classname="hyr.OrangeHRM"/>
  <testcase name="NavigateToMyInfo" time="0.0" classname="hyr.OrangeHRM">
    <ignored/>
  </testcase> <!-- NavigateToMyInfo -->
  <testcase name="VerifyMyInfo" time="0.0" classname="hyr.OrangeHRM">
    <ignored/>
  </testcase> <!-- VerifyMyInfo -->
</testsuite> <!-- OrangeHRMLogin -->
