<?xml version="1.0" encoding="UTF-8"?>
<!-- Generated by org.testng.reporters.JUnitXMLReporter -->
<testsuite hostname="DESKTOP-AO84BMN" ignored="1" name="OrangeHRMMyInfo" tests="3" failures="0" timestamp="2022-02-22T15:48:17 IST" time="27.451" errors="0">
  <testcase name="LaunchApp" time="19.985" classname="hyr.OrangeHRM"/>
  <testcase name="EnterValidDetails" time="5.086" classname="hyr.OrangeHRM"/>
  <testcase name="NavigateToMyInfo" time="2.361" classname="hyr.OrangeHRM"/>
  <testcase name="VerifyMyInfo" time="0.0" classname="hyr.OrangeHRM">
    <ignored/>
  </testcase> <!-- VerifyMyInfo -->
</testsuite> <!-- OrangeHRMMyInfo -->
