<?xml version="1.0" encoding="UTF-8"?>
<testng-results skipped="0" failed="0" ignored="4" total="10" passed="6">
  <reporter-output>
  </reporter-output>
  <suite name="DemoSuite" duration-ms="72075" started-at="2022-02-22T15:47:29 IST" finished-at="2022-02-22T15:48:41 IST">
    <groups>
    </groups>
    <test name="OrangeHRMLogin" duration-ms="20558" started-at="2022-02-22T15:47:29 IST" finished-at="2022-02-22T15:47:49 IST">
      <class name="hyr.OrangeHRM">
        <test-method status="PASS" signature="LaunchApp()[pri:0, instance:hyr.OrangeHRM@22eeefeb]" name="LaunchApp" duration-ms="15176" started-at="2022-02-22T15:47:29 IST" finished-at="2022-02-22T15:47:44 IST">
          <reporter-output>
          </reporter-output>
        </test-method> <!-- LaunchApp -->
        <test-method status="PASS" signature="EnterValidDetails()[pri:0, instance:hyr.OrangeHRM@22eeefeb]" name="EnterValidDetails" duration-ms="5281" started-at="2022-02-22T15:47:44 IST" finished-at="2022-02-22T15:47:49 IST">
          <reporter-output>
          </reporter-output>
        </test-method> <!-- EnterValidDetails -->
      </class> <!-- hyr.OrangeHRM -->
    </test> <!-- OrangeHRMLogin -->
    <test name="OrangeHRMMyInfo" duration-ms="27451" started-at="2022-02-22T15:47:50 IST" finished-at="2022-02-22T15:48:17 IST">
      <class name="hyr.OrangeHRM">
        <test-method status="PASS" signature="LaunchApp()[pri:0, instance:hyr.OrangeHRM@1da51a35]" name="LaunchApp" duration-ms="19985" started-at="2022-02-22T15:47:50 IST" finished-at="2022-02-22T15:48:10 IST">
          <reporter-output>
          </reporter-output>
        </test-method> <!-- LaunchApp -->
        <test-method status="PASS" signature="EnterValidDetails()[pri:0, instance:hyr.OrangeHRM@1da51a35]" name="EnterValidDetails" duration-ms="5086" started-at="2022-02-22T15:48:10 IST" finished-at="2022-02-22T15:48:15 IST">
          <reporter-output>
          </reporter-output>
        </test-method> <!-- EnterValidDetails -->
        <test-method status="PASS" signature="NavigateToMyInfo()[pri:0, instance:hyr.OrangeHRM@1da51a35]" name="NavigateToMyInfo" duration-ms="2361" started-at="2022-02-22T15:48:15 IST" finished-at="2022-02-22T15:48:17 IST">
          <reporter-output>
          </reporter-output>
        </test-method> <!-- NavigateToMyInfo -->
      </class> <!-- hyr.OrangeHRM -->
    </test> <!-- OrangeHRMMyInfo -->
    <test name="TestGoogle" duration-ms="24030" started-at="2022-02-22T15:48:17 IST" finished-at="2022-02-22T15:48:41 IST">
      <class name="hyr.Firstrunintestng">
        <test-method status="PASS" signature="TestGoogle()[pri:0, instance:hyr.Firstrunintestng@5a4041cc]" name="TestGoogle" duration-ms="24018" started-at="2022-02-22T15:48:17 IST" finished-at="2022-02-22T15:48:41 IST">
          <reporter-output>
          </reporter-output>
        </test-method> <!-- TestGoogle -->
      </class> <!-- hyr.Firstrunintestng -->
    </test> <!-- TestGoogle -->
  </suite> <!-- DemoSuite -->
</testng-results>
